<?xml version="1.0" encoding="UTF-8"?>
<!-- Generated by org.testng.reporters.JUnitReportReporter -->
<testsuite hostname="bhagyashri-jadhav" failures="0" tests="2" name="RunnerTest.RunnereTestClass" time="19.670" errors="0" timestamp="2025-01-24T23:38:02 UTC" skipped="0">
  <testcase classname="RunnerTest.RunnereTestClass" name="runScenario" time="9.398"/>
  <system-out/>
  <testcase classname="RunnerTest.RunnereTestClass" name="runScenario" time="10.272"/>
  <system-out/>
</testsuite> <!-- RunnerTest.RunnereTestClass -->
