<?xml version="1.0" encoding="UTF-8"?>
<!-- Generated by org.testng.reporters.JUnitReportReporter -->
<testsuite hostname="HP" failures="0" tests="1" name="RunnerTest.RunnereTestClass" time="35.791" errors="0" timestamp="2025-01-24T22:48:21 IST" skipped="0">
  <testcase classname="RunnerTest.RunnereTestClass" name="runScenario" time="35.791"/>
  <system-out/>
</testsuite> <!-- RunnerTest.RunnereTestClass -->
